<?xml version="1.0" encoding="UTF-8"?>
<!-- Generated by org.testng.reporters.JUnitXMLReporter -->
<testsuite ignored="0" hostname="HP-PC" failures="0" tests="6" name="Test" time="0.068" errors="0" timestamp="2021-10-01T14:42:33 IST">
  <testcase classname="testNGall.BeforeAfter" name="atest" time="0.005"/>
  <testcase classname="testNGall.BeforeAfter" name="btest" time="0.003"/>
  <testcase classname="testNGall.GroupDemo" name="atest" time="0.001"/>
  <testcase classname="testNGall.GroupDemo" name="btest" time="0.001"/>
  <testcase classname="testNGall.GroupDemo" name="ctest" time="0.002"/>
  <testcase classname="testNGall.GroupDemo" name="dtest" time="0.002"/>
</testsuite> <!-- Test -->
