<?xml version="1.0" encoding="UTF-8"?>
<!-- Generated by org.testng.reporters.JUnitXMLReporter -->
<testsuite ignored="0" hostname="HP-PC" failures="0" tests="8" name="Test" time="27.762" errors="0" timestamp="2021-10-01T14:37:20 IST">
  <testcase classname="testNGall.AssertTest1" name="titletest" time="11.77"/>
  <testcase classname="testNGall.Test2" name="logintest" time="15.91"/>
  <testcase classname="testNGall.BeforeAfter" name="atest" time="0.003"/>
  <testcase classname="testNGall.BeforeAfter" name="btest" time="0.004"/>
  <testcase classname="testNGall.GroupDemo" name="atest" time="0.001"/>
  <testcase classname="testNGall.GroupDemo" name="btest" time="0.002"/>
  <testcase classname="testNGall.GroupDemo" name="ctest" time="0.002"/>
  <testcase classname="testNGall.GroupDemo" name="dtest" time="0.001"/>
</testsuite> <!-- Test -->
