<?xml version="1.0" encoding="UTF-8"?>
<!-- Generated by org.testng.reporters.JUnitXMLReporter -->
<testsuite ignored="0" hostname="HP-PC" failures="0" tests="4" name="Test" time="0.057" errors="0" timestamp="2022-05-15T13:47:26 IST">
  <testcase classname="testNGall.BeforeGroupsClassForBeforeSuit" name="btest" time="0.007"/>
  <testcase classname="testNGall.BeforeGroupsClassForBeforeSuit" name="ctest" time="0.002"/>
  <testcase classname="testNGall.BeforeGroupsClassForBeforeSuit" name="dtest" time="0.002"/>
  <testcase classname="testNGall.BeforeGroupsClassForBeforeSuit" name="etest" time="0.001"/>
</testsuite> <!-- Test -->
