<?xml version="1.0" encoding="UTF-8"?>
<!-- Generated by org.testng.reporters.JUnitXMLReporter -->
<testsuite ignored="0" hostname="HP-PC" failures="0" tests="8" name="GRP-bvt,demo test,Sample tests for befores,regression" time="0.071" errors="0" timestamp="2022-01-24T13:15:38 IST">
  <testcase classname="testNGall.GroupDemo" name="atest" time="0.005"/>
  <testcase classname="testNGall.GroupDemo" name="btest" time="0.001"/>
  <testcase classname="testNGall.GroupDemo" name="ctest" time="0.002"/>
  <testcase classname="testNGall.GroupDemo" name="dtest" time="0.001"/>
  <testcase classname="testNGall.BeforeGroupsClass" name="btest" time="0.001"/>
  <testcase classname="testNGall.BeforeGroupsClass" name="ctest" time="0.001"/>
  <testcase classname="testNGall.BeforeGroupsClass" name="dtest" time="0.001"/>
  <testcase classname="testNGall.BeforeGroupsClass" name="etest" time="0.001"/>
</testsuite> <!-- GRP-bvt,demo test,Sample tests for befores,regression -->
