<?xml version="1.0" encoding="UTF-8"?>
<!-- Generated by org.testng.reporters.JUnitXMLReporter -->
<testsuite ignored="2" hostname="HP-PC" failures="0" tests="3" name="GRP-third,First" time="0.262" errors="0" timestamp="2024-01-04T12:17:06 IST">
  <testcase classname="testNGall.Trial" name="test11" time="0.082"/>
  <testcase classname="testNGall.Trial" name="test13" time="0.003"/>
  <testcase classname="testNGall.Trial" name="test15" time="0.003"/>
  <testcase classname="testNGall.Trial" name="test14" time="0.0">
    <ignored/>
  </testcase> <!-- test14 -->
  <testcase classname="testNGall.Trial" name="test12" time="0.0">
    <ignored/>
  </testcase> <!-- test12 -->
</testsuite> <!-- GRP-third,First -->
