<?xml version="1.0" encoding="UTF-8"?>
<!-- Generated by org.testng.reporters.JUnitXMLReporter -->
<testsuite ignored="0" hostname="HP-PC" failures="0" tests="12" name="GRP-bvt,regression" time="0.335" errors="0" timestamp="2024-01-04T12:19:19 IST">
  <testcase classname="testNGall.BeforeGroupsClassForBeforeSuit" name="btest" time="0.089"/>
  <testcase classname="testNGall.BeforeGroupsClassForBeforeSuit" name="ctest" time="0.004"/>
  <testcase classname="testNGall.BeforeGroupsClassForBeforeSuit" name="dtest" time="0.005"/>
  <testcase classname="testNGall.BeforeGroupsClassForBeforeSuit" name="etest" time="0.004"/>
  <testcase classname="testNGall.GroupDemo" name="atest" time="0.004"/>
  <testcase classname="testNGall.GroupDemo" name="btest" time="0.006"/>
  <testcase classname="testNGall.GroupDemo" name="ctest" time="0.003"/>
  <testcase classname="testNGall.GroupDemo" name="dtest" time="0.004"/>
  <testcase classname="testNGall.BeforeGroupsClass" name="btest" time="0.005"/>
  <testcase classname="testNGall.BeforeGroupsClass" name="ctest" time="0.004"/>
  <testcase classname="testNGall.BeforeGroupsClass" name="dtest" time="0.005"/>
  <testcase classname="testNGall.BeforeGroupsClass" name="etest" time="0.003"/>
</testsuite> <!-- GRP-bvt,regression -->
