<?xml version="1.0" encoding="UTF-8"?>
<!-- Generated by org.testng.reporters.JUnitXMLReporter -->
<testsuite ignored="6" hostname="HP-PC" failures="0" tests="6" name="GRP-bvt" time="0.279" errors="0" timestamp="2023-05-07T12:42:53 IST">
  <testcase classname="testNGall.BeforeGroupsClassForBeforeSuit" name="dtest" time="0.091"/>
  <testcase classname="testNGall.BeforeGroupsClassForBeforeSuit" name="etest" time="0.004"/>
  <testcase classname="testNGall.GroupDemo" name="ctest" time="0.004"/>
  <testcase classname="testNGall.GroupDemo" name="dtest" time="0.005"/>
  <testcase classname="testNGall.BeforeGroupsClass" name="dtest" time="0.005"/>
  <testcase classname="testNGall.BeforeGroupsClass" name="etest" time="0.005"/>
  <testcase classname="testNGall.BeforeGroupsClassForBeforeSuit" name="btest" time="0.0">
    <ignored/>
  </testcase> <!-- btest -->
  <testcase classname="testNGall.GroupDemo" name="btest" time="0.0">
    <ignored/>
  </testcase> <!-- btest -->
  <testcase classname="testNGall.BeforeGroupsClassForBeforeSuit" name="ctest" time="0.0">
    <ignored/>
  </testcase> <!-- ctest -->
  <testcase classname="testNGall.BeforeGroupsClass" name="btest" time="0.0">
    <ignored/>
  </testcase> <!-- btest -->
  <testcase classname="testNGall.GroupDemo" name="atest" time="0.0">
    <ignored/>
  </testcase> <!-- atest -->
  <testcase classname="testNGall.BeforeGroupsClass" name="ctest" time="0.0">
    <ignored/>
  </testcase> <!-- ctest -->
</testsuite> <!-- GRP-bvt -->
