<?xml version="1.0" encoding="UTF-8"?>
<!-- Generated by org.testng.reporters.JUnitXMLReporter -->
<testsuite ignored="0" hostname="HP-PC" failures="0" tests="4" name="GRP-demo test" time="0.079" errors="0" timestamp="2022-01-24T12:16:50 IST">
  <testcase classname="testNGall.GroupDemo" name="atest" time="0.008"/>
  <testcase classname="testNGall.GroupDemo" name="btest" time="0.002"/>
  <testcase classname="testNGall.GroupDemo" name="ctest" time="0.002"/>
  <testcase classname="testNGall.GroupDemo" name="dtest" time="0.001"/>
</testsuite> <!-- GRP-demo test -->
