<?xml version="1.0" encoding="UTF-8"?>
<!-- Generated by org.testng.reporters.JUnitXMLReporter -->
<testsuite ignored="0" hostname="HP-PC" failures="0" tests="12" name="GRP-regression" time="0.457" errors="0" timestamp="2024-01-03T19:44:08 IST">
  <testcase classname="testNGall.BeforeGroupsClassForBeforeSuit" name="btest" time="0.11"/>
  <testcase classname="testNGall.BeforeGroupsClassForBeforeSuit" name="ctest" time="0.007"/>
  <testcase classname="testNGall.BeforeGroupsClassForBeforeSuit" name="dtest" time="0.005"/>
  <testcase classname="testNGall.BeforeGroupsClassForBeforeSuit" name="etest" time="0.006"/>
  <testcase classname="testNGall.GroupDemo" name="atest" time="0.006"/>
  <testcase classname="testNGall.GroupDemo" name="btest" time="0.005"/>
  <testcase classname="testNGall.GroupDemo" name="ctest" time="0.006"/>
  <testcase classname="testNGall.GroupDemo" name="dtest" time="0.003"/>
  <testcase classname="testNGall.BeforeGroupsClass" name="btest" time="0.004"/>
  <testcase classname="testNGall.BeforeGroupsClass" name="ctest" time="0.003"/>
  <testcase classname="testNGall.BeforeGroupsClass" name="dtest" time="0.004"/>
  <testcase classname="testNGall.BeforeGroupsClass" name="etest" time="0.005"/>
</testsuite> <!-- GRP-regression -->
