<?xml version="1.0" encoding="UTF-8"?>
<!-- Generated by org.testng.reporters.JUnitXMLReporter -->
<testsuite ignored="2" hostname="HP-PC" failures="0" tests="2" name="GRP-bbbbb" time="10.572" errors="0" timestamp="2023-05-07T12:49:54 IST">
  <testcase classname="testNGall.Trial" name="test3" time="0.079"/>
  <testcase classname="testNGall.Trial" name="triall" time="10.372"/>
  <testcase classname="testNGall.Trial" name="test5" time="0.0">
    <ignored/>
  </testcase> <!-- test5 -->
  <testcase classname="testNGall.Trial" name="test4" time="0.0">
    <ignored/>
  </testcase> <!-- test4 -->
</testsuite> <!-- GRP-bbbbb -->
